<?xml version="1.0" encoding="UTF-8"?>
<!-- Generated by org.testng.reporters.JUnitReportReporter -->
<testsuite hostname="LTIN242681" failures="0" tests="1" name="testcasproject.Main" time="0.074" errors="0" timestamp="2024-02-05T15:41:27 IST" skipped="0">
  <testcase classname="testcasproject.Main" name="verifyIndiaTime" time="0.074"/>
</testsuite> <!-- testcasproject.Main -->
