<?xml version="1.0" encoding="UTF-8"?>
<!-- Generated by org.testng.reporters.JUnitReportReporter -->
<testsuite hostname="LTIN242681" failures="0" tests="2" name="TestCases.App_Alphabet_List" time="2.104" errors="0" timestamp="2024-02-08T10:35:05 GMT" skipped="0">
  <testcase classname="TestCases.App_Alphabet_List" name="Appsalphabet" time="1.752"/>
  <testcase classname="TestCases.App_Alphabet_List" name="Randomalphabet" time="0.352"/>
</testsuite> <!-- TestCases.App_Alphabet_List -->
