<?xml version="1.0" encoding="UTF-8"?>
<!-- Generated by org.testng.reporters.JUnitReportReporter -->
<testsuite hostname="LTIN242681" failures="0" tests="4" name="TestCases.London_info" time="0.265" errors="0" timestamp="2024-02-08T10:35:05 GMT" skipped="0">
  <testcase classname="TestCases.London_info" name="LondonWatch_Tittle" time="0.034"/>
  <testcase classname="TestCases.London_info" name="London_Time" time="0.081"/>
  <testcase classname="TestCases.London_info" name="London_Date" time="0.075"/>
  <testcase classname="TestCases.London_info" name="London_Timegap" time="0.075"/>
</testsuite> <!-- TestCases.London_info -->
