<?xml version="1.0" encoding="UTF-8"?>
<!-- Generated by org.testng.reporters.JUnitReportReporter -->
<testsuite hostname="LTIN242681" failures="0" tests="3" name="TestCases.Banglore_info" time="0.172" errors="0" timestamp="2024-02-08T10:35:05 GMT" skipped="0">
  <testcase classname="TestCases.Banglore_info" name="BangaloreWatch_Title" time="0.073"/>
  <testcase classname="TestCases.Banglore_info" name="Bangalore_Time" time="0.042"/>
  <testcase classname="TestCases.Banglore_info" name="Bangalore_Date" time="0.057"/>
</testsuite> <!-- TestCases.Banglore_info -->
