<?xml version="1.0" encoding="UTF-8"?>
<!-- Generated by org.testng.reporters.JUnitReportReporter -->
<testsuite hostname="LTIN242681" failures="0" tests="4" name="TestCases.NewYork_info" time="0.570" errors="0" timestamp="2024-02-08T14:54:20 IST" skipped="0">
  <testcase classname="TestCases.NewYork_info" name="NY_Watchtittle" time="0.302"/>
  <testcase classname="TestCases.NewYork_info" name="NY_Time" time="0.083"/>
  <testcase classname="TestCases.NewYork_info" name="NY_Date" time="0.119"/>
  <testcase classname="TestCases.NewYork_info" name="NY_Timegap" time="0.066"/>
</testsuite> <!-- TestCases.NewYork_info -->
