<?xml version="1.0" encoding="UTF-8"?>
<!-- Generated by org.testng.reporters.JUnitReportReporter -->
<testsuite hostname="LTIN242681" failures="0" tests="2" name="TestCases.All_Apps" time="4.529" errors="0" timestamp="2024-02-08T10:35:05 GMT" skipped="0">
  <testcase classname="TestCases.All_Apps" name="scroll" time="0.033"/>
  <testcase classname="TestCases.All_Apps" name="Viewapps" time="4.496"/>
</testsuite> <!-- TestCases.All_Apps -->
