<?xml version="1.0" encoding="UTF-8"?>
<!-- Generated by org.testng.reporters.JUnitReportReporter -->
<testsuite hostname="LTIN242681" failures="0" tests="1" name="TestCases.World_Clock_Title" time="1.411" errors="0" timestamp="2024-02-13T13:08:14 IST" skipped="0">
  <testcase classname="TestCases.World_Clock_Title" name="Test_WorldClock_Title" time="1.411"/>
</testsuite> <!-- TestCases.World_Clock_Title -->
