<?xml version="1.0" encoding="UTF-8"?>
<!-- Generated by org.testng.reporters.JUnitReportReporter -->
<testsuite hostname="LTIN242681" failures="0" tests="1" name="TestCases.User_Validation" time="12.349" errors="0" timestamp="2024-02-13T13:08:14 IST" skipped="0">
  <testcase classname="TestCases.User_Validation" name="user" time="12.349"/>
</testsuite> <!-- TestCases.User_Validation -->
