<?xml version="1.0" encoding="UTF-8"?>
<!-- Generated by org.testng.reporters.JUnitReportReporter -->
<testsuite hostname="LTIN242681" failures="0" tests="3" name="TestCases.Banglore_info" time="0.344" errors="0" timestamp="2024-02-13T13:08:14 IST" skipped="0">
  <testcase classname="TestCases.Banglore_info" name="BangaloreWatch_Title" time="0.156"/>
  <testcase classname="TestCases.Banglore_info" name="Bangalore_Time" time="0.063"/>
  <testcase classname="TestCases.Banglore_info" name="Bangalore_Date" time="0.125"/>
</testsuite> <!-- TestCases.Banglore_info -->
