<?xml version="1.0" encoding="UTF-8"?>
<!-- Generated by org.testng.reporters.JUnitReportReporter -->
<testsuite hostname="LTIN242681" failures="0" tests="2" name="TestCases.App_Alphabet_List" time="15.938" errors="0" timestamp="2024-02-13T13:08:14 IST" skipped="0">
  <testcase classname="TestCases.App_Alphabet_List" name="Appsalphabet" time="4.397"/>
  <testcase classname="TestCases.App_Alphabet_List" name="Randomalphabet" time="11.541"/>
</testsuite> <!-- TestCases.App_Alphabet_List -->
