<?xml version="1.0" encoding="UTF-8"?>
<!-- Generated by org.testng.reporters.JUnitReportReporter -->
<testsuite hostname="LTIN242681" failures="0" tests="2" name="TestCases.All_Apps" time="18.983" errors="0" timestamp="2024-02-13T13:08:14 IST" skipped="0">
  <testcase classname="TestCases.All_Apps" name="scroll" time="5.525"/>
  <testcase classname="TestCases.All_Apps" name="Viewapps" time="13.458"/>
</testsuite> <!-- TestCases.All_Apps -->
