<?xml version="1.0" encoding="UTF-8"?>
<!-- Generated by org.testng.reporters.JUnitReportReporter -->
<testsuite hostname="LTIN242681" failures="0" tests="1" name="TestCases.TC1_User_Validation" time="12.827" errors="0" timestamp="2024-02-11T19:26:33 IST" skipped="0">
  <testcase classname="TestCases.TC1_User_Validation" name="user" time="12.827"/>
</testsuite> <!-- TestCases.TC1_User_Validation -->
