<?xml version="1.0" encoding="UTF-8"?>
<!-- Generated by org.testng.reporters.JUnitReportReporter -->
<testsuite hostname="LTIN242681" failures="0" tests="4" name="TestCases.NewYork_info" time="0.327" errors="0" timestamp="2024-02-20T16:57:34 IST" skipped="0">
  <testcase classname="TestCases.NewYork_info" name="NY_Watchtittle" time="0.060"/>
  <testcase classname="TestCases.NewYork_info" name="NY_Time" time="0.080"/>
  <testcase classname="TestCases.NewYork_info" name="NY_Date" time="0.081"/>
  <testcase classname="TestCases.NewYork_info" name="NY_Timegap" time="0.106"/>
</testsuite> <!-- TestCases.NewYork_info -->
