<?xml version="1.0" encoding="UTF-8"?>
<!-- Generated by org.testng.reporters.JUnitReportReporter -->
<testsuite hostname="LTIN242681" failures="0" tests="4" name="TestCases.London_info" time="0.475" errors="0" timestamp="2024-02-20T16:57:34 IST" skipped="0">
  <testcase classname="TestCases.London_info" name="LondonWatch_Tittle" time="0.086"/>
  <testcase classname="TestCases.London_info" name="London_Time" time="0.135"/>
  <testcase classname="TestCases.London_info" name="London_Date" time="0.134"/>
  <testcase classname="TestCases.London_info" name="London_Timegap" time="0.120"/>
</testsuite> <!-- TestCases.London_info -->
