<?xml version="1.0" encoding="UTF-8"?>
<!-- Generated by org.testng.reporters.JUnitReportReporter -->
<testsuite hostname="LTIN242681" failures="0" tests="1" name="TestCases.User_Validation" time="11.440" errors="0" timestamp="2024-02-20T16:57:34 IST" skipped="0">
  <testcase classname="TestCases.User_Validation" name="user" time="11.440"/>
</testsuite> <!-- TestCases.User_Validation -->
