<?xml version="1.0" encoding="UTF-8"?>
<!-- Generated by org.testng.reporters.JUnitReportReporter -->
<testsuite hostname="LTIN242681" failures="0" tests="2" name="TestCases.App_Alphabet_List" time="16.252" errors="0" timestamp="2024-02-20T16:57:34 IST" skipped="0">
  <testcase classname="TestCases.App_Alphabet_List" name="Appsalphabet" time="3.573"/>
  <testcase classname="TestCases.App_Alphabet_List" name="Randomalphabet" time="12.679"/>
</testsuite> <!-- TestCases.App_Alphabet_List -->
