<?xml version="1.0" encoding="UTF-8"?>
<!-- Generated by org.testng.reporters.JUnitReportReporter -->
<testsuite hostname="LTIN242681" failures="0" tests="2" name="TestCases.All_Apps" time="20.736" errors="0" timestamp="2024-02-20T16:57:34 IST" skipped="0">
  <testcase classname="TestCases.All_Apps" name="scroll" time="0.300"/>
  <testcase classname="TestCases.All_Apps" name="Viewapps" time="20.436"/>
</testsuite> <!-- TestCases.All_Apps -->
